\BOOKMARK [1][-]{section.1}{1 Introduction}{}% 1
\BOOKMARK [1][-]{section.2}{2 Methods for Simulation}{}% 2
\BOOKMARK [2][-]{subsection.2.1}{2.1 Initialization}{section.2}% 3
\BOOKMARK [2][-]{subsection.2.2}{2.2 Boundary Conditions}{section.2}% 4
\BOOKMARK [2][-]{subsection.2.3}{2.3 Interaction forces}{section.2}% 5
\BOOKMARK [2][-]{subsection.2.4}{2.4 Time integration}{section.2}% 6
\BOOKMARK [2][-]{subsection.2.5}{2.5 Temperature}{section.2}% 7
\BOOKMARK [2][-]{subsection.2.6}{2.6 Pressure}{section.2}% 8
\BOOKMARK [3][-]{subsubsection.2.6.1}{2.6.1 Specific Heat}{subsection.2.6}% 9
\BOOKMARK [3][-]{subsubsection.2.6.2}{2.6.2 Pair Correlation Function}{subsection.2.6}% 10
\BOOKMARK [2][-]{subsection.2.7}{2.7 Data blocking}{section.2}% 11
\BOOKMARK [1][-]{section.3}{3 Results and Discussion}{}% 12
\BOOKMARK [2][-]{subsection.3.1}{3.1 Energy}{section.3}% 13
\BOOKMARK [2][-]{subsection.3.2}{3.2 Macroscopic Thermodynamic Quantities}{section.3}% 14
\BOOKMARK [2][-]{subsection.3.3}{3.3 Pair Correlation function}{section.3}% 15
\BOOKMARK [2][-]{subsection.3.4}{3.4 Error estimation}{section.3}% 16
\BOOKMARK [1][-]{Appendix.a.A}{Appendix A Main Fortran source code}{}% 17
\BOOKMARK [1][-]{Appendix.a.B}{Appendix B Fortran source code for setting the initial conditions}{}% 18
\BOOKMARK [1][-]{Appendix.a.C}{Appendix C Fortran source code for the dynamics of the system}{}% 19
\BOOKMARK [1][-]{Appendix.a.D}{Appendix D Fortran source code for output of results}{}% 20
